<?xml version="1.0" encoding="UTF-8"?>
<!-- Generated by org.testng.reporters.JUnitReportReporter -->
<testsuite hostname="DESKTOP-JRMPKAK" failures="0" tests="4" name="com.selenium.tests.ActionsEx" time="61.402" errors="0" timestamp="2021-09-13T23:19:36 PDT" skipped="0">
  <testcase classname="com.selenium.tests.ActionsEx" name="m1" time="15.217"/>
  <system-out/>
  <testcase classname="com.selenium.tests.ActionsEx" name="mnks" time="15.419"/>
  <system-out/>
  <testcase classname="com.selenium.tests.ActionsEx" name="msk" time="15.143"/>
  <system-out/>
  <testcase classname="com.selenium.tests.ActionsEx" name="m2" time="15.623"/>
  <system-out/>
</testsuite> <!-- com.selenium.tests.ActionsEx -->
